#
# There is insufficient memory for the Java Runtime Environment to continue.
# Native memory allocation (malloc) failed to allocate 1130016 bytes for Chunk::new
# Possible reasons:
#   The system is out of physical RAM or swap space
#   In 32 bit mode, the process size limit was hit
# Possible solutions:
#   Reduce memory load on the system
#   Increase physical memory or swap space
#   Check if swap backing store is full
#   Use 64 bit Java on a 64 bit OS
#   Decrease Java heap size (-Xmx/-Xms)
#   Decrease number of Java threads
#   Decrease Java thread stack sizes (-Xss)
#   Set larger code cache with -XX:ReservedCodeCacheSize=
# This output file may be truncated or incomplete.
#
#  Out of Memory Error (allocation.cpp:390), pid=7468, tid=0x0000000000001ed0
#
# JRE version: OpenJDK Runtime Environment (8.0_152-b02) (build 1.8.0_152-release-1024-b02)
# Java VM: OpenJDK 64-Bit Server VM (25.152-b02 mixed mode windows-amd64 compressed oops)
# Failed to write core dump. Minidumps are not enabled by default on client versions of Windows
#

---------------  T H R E A D  ---------------

Current thread (0x0000000016129000):  JavaThread "C2 CompilerThread0" daemon [_thread_in_native, id=7888, stack(0x00000000177b0000,0x00000000178b0000)]

Stack: [0x00000000177b0000,0x00000000178b0000]
[error occurred during error reporting (printing stack bounds), id 0xc0000005]

Native frames: (J=compiled Java code, j=interpreted, Vv=VM code, C=native code)


Current CompileTask:
C2:7134863 23278   !   4       org.gradle.api.internal.AbstractClassGenerator::generateUnderLock (1123 bytes)


---------------  P R O C E S S  ---------------

Java Threads: ( => current thread )
  0x000000001b3e1800 JavaThread "stdout" daemon [_thread_in_native, id=4576, stack(0x0000000059e10000,0x0000000059f10000)]
  0x000000001b3e7000 JavaThread "stderr" daemon [_thread_in_native, id=6416, stack(0x0000000059d10000,0x0000000059e10000)]
  0x000000001d96a800 JavaThread "stdout" daemon [_thread_in_native, id=2760, stack(0x0000000059c10000,0x0000000059d10000)]
  0x000000001d969800 JavaThread "stderr" daemon [_thread_in_native, id=8164, stack(0x0000000059b10000,0x0000000059c10000)]
  0x000000001d966800 JavaThread "stdout" daemon [_thread_in_native, id=3760, stack(0x0000000059a10000,0x0000000059b10000)]
  0x000000001d969000 JavaThread "stderr" daemon [_thread_in_native, id=2904, stack(0x0000000059910000,0x0000000059a10000)]
  0x000000001d968000 JavaThread "stdout" daemon [_thread_in_native, id=2504, stack(0x0000000059810000,0x0000000059910000)]
  0x000000001d96b000 JavaThread "stderr" daemon [_thread_in_native, id=5508, stack(0x0000000059710000,0x0000000059810000)]
  0x000000001d967800 JavaThread "queued-resource-processor_88" daemon [_thread_blocked, id=3408, stack(0x0000000059610000,0x0000000059710000)]
  0x000000001d95f000 JavaThread "queued-resource-processor_87" daemon [_thread_blocked, id=1432, stack(0x0000000059510000,0x0000000059610000)]
  0x000000001d95e000 JavaThread "queued-resource-processor_86" daemon [_thread_blocked, id=6368, stack(0x0000000059410000,0x0000000059510000)]
  0x000000001d965000 JavaThread "queued-resource-processor_85" daemon [_thread_blocked, id=5924, stack(0x0000000059310000,0x0000000059410000)]
  0x000000001d964800 JavaThread "Task worker for ':' Thread 3" [_thread_blocked, id=10020, stack(0x0000000059210000,0x0000000059310000)]
  0x000000001d95d800 JavaThread "Task worker for ':' Thread 2" [_thread_blocked, id=724, stack(0x0000000059110000,0x0000000059210000)]
  0x000000001d961000 JavaThread "Task worker for ':'" [_thread_blocked, id=2080, stack(0x0000000059010000,0x0000000059110000)]
  0x000000001d960800 JavaThread "Cache worker for Build Output Cleanup Cache (D:\AndroidProyects\Codsit\AppQuestion\.gradle\buildOutputCleanup)" [_thread_blocked, id=1684, stack(0x0000000058f10000,0x0000000059010000)]
  0x000000001d963800 JavaThread "Cache worker for task history cache (D:\AndroidProyects\Codsit\AppQuestion\.gradle\4.4\taskHistory)" [_thread_blocked, id=2156, stack(0x0000000058e10000,0x0000000058f10000)]
  0x00000000184b5800 JavaThread "Cache worker for file content cache (D:\AndroidProyects\Codsit\AppQuestion\.gradle\4.4\fileContent)" [_thread_blocked, id=8408, stack(0x0000000058d10000,0x0000000058e10000)]
  0x00000000184ba000 JavaThread "build operations Thread 4" [_thread_blocked, id=9504, stack(0x0000000058c10000,0x0000000058d10000)]
  0x00000000184bc800 JavaThread "build operations Thread 3" [_thread_blocked, id=1216, stack(0x0000000058b10000,0x0000000058c10000)]
  0x00000000184b6800 JavaThread "build operations Thread 2" [_thread_blocked, id=1672, stack(0x0000000058a10000,0x0000000058b10000)]
  0x00000000184b5000 JavaThread "build operations" [_thread_blocked, id=9556, stack(0x0000000058910000,0x0000000058a10000)]
  0x00000000184b9800 JavaThread "Cache worker for Artifact transforms cache (C:\Users\nik_1\.gradle\caches\transforms-1)" [_thread_blocked, id=5544, stack(0x0000000058810000,0x0000000058910000)]
  0x00000000184b8800 JavaThread "Cache worker for file hash cache (D:\AndroidProyects\Codsit\AppQuestion\.gradle\4.4\fileHashes)" [_thread_blocked, id=4216, stack(0x0000000058710000,0x0000000058810000)]
  0x00000000184bb000 JavaThread "Stdin handler" [_thread_blocked, id=3160, stack(0x0000000058610000,0x0000000058710000)]
  0x00000000184b7000 JavaThread "Asynchronous log dispatcher for DefaultDaemonConnection: socket connection from /127.0.0.1:50956 to /127.0.0.1:61896" [_thread_blocked, id=5836, stack(0x0000000058510000,0x0000000058610000)]
  0x00000000184ae000 JavaThread "Daemon worker Thread 18" [_thread_blocked, id=7356, stack(0x0000000058410000,0x0000000058510000)]
  0x00000000184b2800 JavaThread "Cancel handler" [_thread_blocked, id=7052, stack(0x0000000058310000,0x0000000058410000)]
  0x00000000184b0800 JavaThread "Handler for socket connection from /127.0.0.1:50956 to /127.0.0.1:61896" [_thread_in_native, id=9160, stack(0x0000000058210000,0x0000000058310000)]
  0x00000000184ad800 JavaThread "Daemon Thread 18" [_thread_blocked, id=6380, stack(0x0000000058110000,0x0000000058210000)]
  0x000000001b3e5800 JavaThread "Memory manager" [_thread_blocked, id=7856, stack(0x0000000020840000,0x0000000020940000)]
  0x000000001bb82800 JavaThread "pool-1-thread-1" [_thread_blocked, id=7720, stack(0x0000000020540000,0x0000000020640000)]
  0x0000000019523000 JavaThread "File lock request listener" [_thread_in_native, id=10228, stack(0x000000001ac20000,0x000000001ad20000)]
  0x0000000018e5b800 JavaThread "Cache worker for file hash cache (C:\Users\nik_1\.gradle\caches\4.4\fileHashes)" [_thread_blocked, id=3196, stack(0x000000001ab20000,0x000000001ac20000)]
  0x00000000190d0800 JavaThread "Daemon periodic checks" [_thread_blocked, id=7392, stack(0x000000001a020000,0x000000001a120000)]
  0x0000000018f89800 JavaThread "Incoming local TCP Connector on port 50956" [_thread_in_native, id=9064, stack(0x0000000019dc0000,0x0000000019ec0000)]
  0x000000001618e800 JavaThread "Service Thread" daemon [_thread_blocked, id=1476, stack(0x0000000017eb0000,0x0000000017fb0000)]
  0x0000000016131800 JavaThread "C1 CompilerThread2" daemon [_thread_blocked, id=6244, stack(0x00000000179b0000,0x0000000017ab0000)]
  0x000000001612e000 JavaThread "C2 CompilerThread1" daemon [_thread_blocked, id=8556, stack(0x00000000178b0000,0x00000000179b0000)]
=>0x0000000016129000 JavaThread "C2 CompilerThread0" daemon [_thread_in_native, id=7888, stack(0x00000000177b0000,0x00000000178b0000)]
  0x0000000016137000 JavaThread "Attach Listener" daemon [_thread_blocked, id=8388, stack(0x00000000176b0000,0x00000000177b0000)]
  0x0000000016135800 JavaThread "Signal Dispatcher" daemon [_thread_blocked, id=6656, stack(0x00000000175b0000,0x00000000176b0000)]
  0x00000000026cd800 JavaThread "Finalizer" daemon [_thread_blocked, id=7728, stack(0x00000000173a0000,0x00000000174a0000)]
  0x00000000026c1800 JavaThread "Reference Handler" daemon [_thread_blocked, id=1136, stack(0x00000000172a0000,0x00000000173a0000)]
  0x00000000027be000 JavaThread "main" [_thread_blocked, id=8888, stack(0x00000000023e0000,0x00000000024e0000)]

Other Threads:
  0x00000000160f7000 VMThread [stack: 0x00000000171a0000,0x00000000172a0000] [id=4192]
  0x0000000017ad0800 WatcherThread [stack: 0x0000000017fb0000,0x00000000180b0000] [id=10152]

VM state:not at safepoint (normal execution)

VM Mutex/Monitor currently owned by a thread: None

Heap:
 PSYoungGen      total 488960K, used 447131K [0x00000000e0000000, 0x00000000ffc80000, 0x0000000100000000)
  eden space 462336K, 95% used [0x00000000e0000000,0x00000000fb16ee30,0x00000000fc380000)
  from space 26624K, 12% used [0x00000000fe280000,0x00000000fe5b8050,0x00000000ffc80000)
  to   space 29184K, 0% used [0x00000000fc380000,0x00000000fc380000,0x00000000fe000000)
 ParOldGen       total 164352K, used 85487K [0x00000000a0000000, 0x00000000aa080000, 0x00000000e0000000)
  object space 164352K, 52% used [0x00000000a0000000,0x00000000a537bcd0,0x00000000aa080000)
 Metaspace       used 83722K, capacity 88984K, committed 89304K, reserved 1126400K
  class space    used 10501K, capacity 11395K, committed 11520K, reserved 1048576K

Card table byte_map: [0x0000000011b80000,0x0000000011e90000] byte_map_base: 0x0000000011680000

Marking Bits: (ParMarkBitMap*) 0x0000000077ac4970
 Begin Bits: [0x0000000012490000, 0x0000000013c90000)
 End Bits:   [0x0000000013c90000, 0x0000000015490000)

Polling page: 0x0000000000620000

CodeCache: size=245760Kb used=64101Kb max_used=64161Kb free=181658Kb
 bounds [0x00000000027c0000, 0x00000000066f0000, 0x00000000117c0000]
 total_blobs=18928 nmethods=18086 adapters=752
 compilation: enabled

Compilation events (10 events):
Event: 7132.571 Thread 0x0000000016131800 23309       1       com.android.build.gradle.internal.res.LinkApplicationAndroidResourcesTask::getResPackageOutputFolder (5 bytes)
Event: 7132.572 Thread 0x0000000016131800 nmethod 23309 0x000000000421fad0 code [0x000000000421fc20, 0x000000000421fd30]
Event: 7132.572 Thread 0x0000000016131800 23310       1       com.android.build.gradle.internal.res.LinkApplicationAndroidResourcesTask::getSymbolslWithPackageNameOutputFile (5 bytes)
Event: 7132.572 Thread 0x0000000016131800 nmethod 23310 0x000000000421f810 code [0x000000000421f960, 0x000000000421fa70]
Event: 7132.703 Thread 0x0000000016131800 23311       3       java.lang.ProcessImpl::access$200 (4 bytes)
Event: 7132.703 Thread 0x0000000016131800 nmethod 23311 0x0000000003d77750 code [0x0000000003d778a0, 0x0000000003d779d0]
Event: 7132.794 Thread 0x000000001612e000 23312       4       sun.nio.fs.WindowsPath$WindowsPathWithAttributes::getFileSystem (5 bytes)
Event: 7132.795 Thread 0x000000001612e000 nmethod 23312 0x0000000004645b50 code [0x0000000004645c80, 0x0000000004645cd8]
Event: 7132.801 Thread 0x0000000016131800 23313       3       com.android.builder.internal.aapt.v2.Aapt2DaemonUtil::request (70 bytes)
Event: 7132.802 Thread 0x0000000016131800 nmethod 23313 0x0000000003d76810 code [0x0000000003d76a20, 0x0000000003d77478]

GC Heap History (10 events):
Event: 3971.870 GC heap before
{Heap before GC invocations=32 (full 4):
 PSYoungGen      total 312832K, used 290185K [0x00000000e0000000, 0x00000000f9b00000, 0x0000000100000000)
  eden space 275968K, 99% used [0x00000000e0000000,0x00000000f0cfef00,0x00000000f0d80000)
  from space 36864K, 39% used [0x00000000f0d80000,0x00000000f1be3648,0x00000000f3180000)
  to   space 35328K, 0% used [0x00000000f7880000,0x00000000f7880000,0x00000000f9b00000)
 ParOldGen       total 164352K, used 83674K [0x00000000a0000000, 0x00000000aa080000, 0x00000000e0000000)
  object space 164352K, 50% used [0x00000000a0000000,0x00000000a51b6900,0x00000000aa080000)
 Metaspace       used 79992K, capacity 83212K, committed 83544K, reserved 1122304K
  class space    used 10157K, capacity 10786K, committed 10880K, reserved 1048576K
Event: 3971.876 GC heap after
Heap after GC invocations=32 (full 4):
 PSYoungGen      total 379392K, used 4753K [0x00000000e0000000, 0x00000000f9700000, 0x0000000100000000)
  eden space 348160K, 0% used [0x00000000e0000000,0x00000000e0000000,0x00000000f5400000)
  from space 31232K, 15% used [0x00000000f7880000,0x00000000f7d24630,0x00000000f9700000)
  to   space 34304K, 0% used [0x00000000f5400000,0x00000000f5400000,0x00000000f7580000)
 ParOldGen       total 164352K, used 84154K [0x00000000a0000000, 0x00000000aa080000, 0x00000000e0000000)
  object space 164352K, 51% used [0x00000000a0000000,0x00000000a522e940,0x00000000aa080000)
 Metaspace       used 79992K, capacity 83212K, committed 83544K, reserved 1122304K
  class space    used 10157K, capacity 10786K, committed 10880K, reserved 1048576K
}
Event: 4350.957 GC heap before
{Heap before GC invocations=33 (full 4):
 PSYoungGen      total 379392K, used 352913K [0x00000000e0000000, 0x00000000f9700000, 0x0000000100000000)
  eden space 348160K, 100% used [0x00000000e0000000,0x00000000f5400000,0x00000000f5400000)
  from space 31232K, 15% used [0x00000000f7880000,0x00000000f7d24630,0x00000000f9700000)
  to   space 34304K, 0% used [0x00000000f5400000,0x00000000f5400000,0x00000000f7580000)
 ParOldGen       total 164352K, used 84154K [0x00000000a0000000, 0x00000000aa080000, 0x00000000e0000000)
  object space 164352K, 51% used [0x00000000a0000000,0x00000000a522e940,0x00000000aa080000)
 Metaspace       used 80587K, capacity 84150K, committed 84440K, reserved 1122304K
  class space    used 10213K, capacity 10887K, committed 11008K, reserved 1048576K
Event: 4350.966 GC heap after
Heap after GC invocations=33 (full 4):
 PSYoungGen      total 382464K, used 3600K [0x00000000e0000000, 0x00000000fea00000, 0x0000000100000000)
  eden space 348160K, 0% used [0x00000000e0000000,0x00000000e0000000,0x00000000f5400000)
  from space 34304K, 10% used [0x00000000f5400000,0x00000000f5784040,0x00000000f7580000)
  to   space 33280K, 0% used [0x00000000fc980000,0x00000000fc980000,0x00000000fea00000)
 ParOldGen       total 164352K, used 84306K [0x00000000a0000000, 0x00000000aa080000, 0x00000000e0000000)
  object space 164352K, 51% used [0x00000000a0000000,0x00000000a5254960,0x00000000aa080000)
 Metaspace       used 80587K, capacity 84150K, committed 84440K, reserved 1122304K
  class space    used 10213K, capacity 10887K, committed 11008K, reserved 1048576K
}
Event: 4714.316 GC heap before
{Heap before GC invocations=34 (full 4):
 PSYoungGen      total 382464K, used 351760K [0x00000000e0000000, 0x00000000fea00000, 0x0000000100000000)
  eden space 348160K, 100% used [0x00000000e0000000,0x00000000f5400000,0x00000000f5400000)
  from space 34304K, 10% used [0x00000000f5400000,0x00000000f5784040,0x00000000f7580000)
  to   space 33280K, 0% used [0x00000000fc980000,0x00000000fc980000,0x00000000fea00000)
 ParOldGen       total 164352K, used 84306K [0x00000000a0000000, 0x00000000aa080000, 0x00000000e0000000)
  object space 164352K, 51% used [0x00000000a0000000,0x00000000a5254960,0x00000000aa080000)
 Metaspace       used 81652K, capacity 85770K, committed 85848K, reserved 1124352K
  class space    used 10308K, capacity 11058K, committed 11136K, reserved 1048576K
Event: 4714.332 GC heap after
Heap after GC invocations=34 (full 4):
 PSYoungGen      total 455168K, used 7024K [0x00000000e0000000, 0x00000000fe200000, 0x0000000100000000)
  eden space 430080K, 0% used [0x00000000e0000000,0x00000000e0000000,0x00000000fa400000)
  from space 25088K, 28% used [0x00000000fc980000,0x00000000fd05c320,0x00000000fe200000)
  to   space 31744K, 0% used [0x00000000fa400000,0x00000000fa400000,0x00000000fc300000)
 ParOldGen       total 164352K, used 84695K [0x00000000a0000000, 0x00000000aa080000, 0x00000000e0000000)
  object space 164352K, 51% used [0x00000000a0000000,0x00000000a52b5ca0,0x00000000aa080000)
 Metaspace       used 81652K, capacity 85770K, committed 85848K, reserved 1124352K
  class space    used 10308K, capacity 11058K, committed 11136K, reserved 1048576K
}
Event: 5407.424 GC heap before
{Heap before GC invocations=35 (full 4):
 PSYoungGen      total 455168K, used 437104K [0x00000000e0000000, 0x00000000fe200000, 0x0000000100000000)
  eden space 430080K, 100% used [0x00000000e0000000,0x00000000fa400000,0x00000000fa400000)
  from space 25088K, 28% used [0x00000000fc980000,0x00000000fd05c320,0x00000000fe200000)
  to   space 31744K, 0% used [0x00000000fa400000,0x00000000fa400000,0x00000000fc300000)
 ParOldGen       total 164352K, used 84695K [0x00000000a0000000, 0x00000000aa080000, 0x00000000e0000000)
  object space 164352K, 51% used [0x00000000a0000000,0x00000000a52b5ca0,0x00000000aa080000)
 Metaspace       used 82334K, capacity 86724K, committed 86872K, reserved 1124352K
  class space    used 10337K, capacity 11108K, committed 11136K, reserved 1048576K
Event: 5407.445 GC heap after
Heap after GC invocations=35 (full 4):
 PSYoungGen      total 461824K, used 9108K [0x00000000e0000000, 0x0000000100000000, 0x0000000100000000)
  eden space 430080K, 0% used [0x00000000e0000000,0x00000000e0000000,0x00000000fa400000)
  from space 31744K, 28% used [0x00000000fa400000,0x00000000face52a8,0x00000000fc300000)
  to   space 30208K, 0% used [0x00000000fe280000,0x00000000fe280000,0x0000000100000000)
 ParOldGen       total 164352K, used 85207K [0x00000000a0000000, 0x00000000aa080000, 0x00000000e0000000)
  object space 164352K, 51% used [0x00000000a0000000,0x00000000a5335cd0,0x00000000aa080000)
 Metaspace       used 82334K, capacity 86724K, committed 86872K, reserved 1124352K
  class space    used 10337K, capacity 11108K, committed 11136K, reserved 1048576K
}
Event: 6152.815 GC heap before
{Heap before GC invocations=36 (full 4):
 PSYoungGen      total 461824K, used 439188K [0x00000000e0000000, 0x0000000100000000, 0x0000000100000000)
  eden space 430080K, 100% used [0x00000000e0000000,0x00000000fa400000,0x00000000fa400000)
  from space 31744K, 28% used [0x00000000fa400000,0x00000000face52a8,0x00000000fc300000)
  to   space 30208K, 0% used [0x00000000fe280000,0x00000000fe280000,0x0000000100000000)
 ParOldGen       total 164352K, used 85207K [0x00000000a0000000, 0x00000000aa080000, 0x00000000e0000000)
  object space 164352K, 51% used [0x00000000a0000000,0x00000000a5335cd0,0x00000000aa080000)
 Metaspace       used 82712K, capacity 86976K, committed 87128K, reserved 1126400K
  class space    used 10345K, capacity 11117K, committed 11136K, reserved 1048576K
Event: 6152.823 GC heap after
Heap after GC invocations=36 (full 4):
 PSYoungGen      total 488960K, used 3296K [0x00000000e0000000, 0x00000000ffc80000, 0x0000000100000000)
  eden space 462336K, 0% used [0x00000000e0000000,0x00000000e0000000,0x00000000fc380000)
  from space 26624K, 12% used [0x00000000fe280000,0x00000000fe5b8050,0x00000000ffc80000)
  to   space 29184K, 0% used [0x00000000fc380000,0x00000000fc380000,0x00000000fe000000)
 ParOldGen       total 164352K, used 85487K [0x00000000a0000000, 0x00000000aa080000, 0x00000000e0000000)
  object space 164352K, 52% used [0x00000000a0000000,0x00000000a537bcd0,0x00000000aa080000)
 Metaspace       used 82712K, capacity 86976K, committed 87128K, reserved 1126400K
  class space    used 10345K, capacity 11117K, committed 11136K, reserved 1048576K
}

Deoptimization events (10 events):
Event: 4970.385 Thread 0x000000001d961000 Uncommon trap: reason=class_check action=maybe_recompile pc=0x0000000005ff7d68 method=sun.reflect.DelegatingConstructorAccessorImpl.newInstance([Ljava/lang/Object;)Ljava/lang/Object; @ 5
Event: 4970.937 Thread 0x000000001d96c000 Uncommon trap: reason=unstable_if action=reinterpret pc=0x0000000005b95de4 method=com.android.tools.r8.it.unimi.dsi.fastutil.ints.IntArraySet.add(I)Z @ 8
Event: 4970.937 Thread 0x000000001d96c000 Uncommon trap: reason=unstable_if action=reinterpret pc=0x00000000038c48b0 method=com.android.tools.r8.it.unimi.dsi.fastutil.ints.IntArraySet.add(I)Z @ 8
Event: 5406.623 Thread 0x000000001b3e4800 Uncommon trap: reason=unstable_if action=reinterpret pc=0x00000000036fa9bc method=com.esotericsoftware.kryo.io.Output.writeLong(JZ)I @ 55
Event: 5634.786 Thread 0x000000001d969800 Uncommon trap: reason=null_check action=make_not_entrant pc=0x00000000061f8e44 method=com.android.tools.r8.graph.DebugLocalInfo.equals(Ljava/lang/Object;)Z @ 8
Event: 5712.187 Thread 0x000000001b3e5800 Uncommon trap: reason=unstable_if action=reinterpret pc=0x00000000059b7250 method=java.util.concurrent.locks.AbstractQueuedSynchronizer$ConditionObject.awaitNanos(J)J @ 73
Event: 6153.896 Thread 0x000000001b3ed800 Uncommon trap: reason=unstable_if action=reinterpret pc=0x0000000004b59228 method=java.util.concurrent.locks.LockSupport.unpark(Ljava/lang/Thread;)V @ 1
Event: 7131.860 Thread 0x00000000184ae000 Uncommon trap: reason=null_check action=make_not_entrant pc=0x0000000005b7daf8 method=org.gradle.api.internal.AbstractClassGenerator.generateUnderLock(Ljava/lang/Class;)Ljava/lang/Class; @ 396
Event: 7132.696 Thread 0x000000001d961000 Uncommon trap: reason=class_check action=maybe_recompile pc=0x00000000039ad7a0 method=com.google.common.collect.ImmutableList.copyOf(Ljava/util/Collection;)Lcom/google/common/collect/ImmutableList; @ 8
Event: 7132.696 Thread 0x000000001d961000 Uncommon trap: reason=bimorphic action=maybe_recompile pc=0x00000000039ad774 method=com.google.common.collect.ImmutableList.copyOf(Ljava/util/Collection;)Lcom/google/common/collect/ImmutableList; @ 35

Classes redefined (0 events):
No events

Internal exceptions (10 events):
Event: 6552.501 Thread 0x000000001d966800 Exception <a 'sun/nio/fs/WindowsException'> (0x00000000f00c5850) thrown at [D:\src\AOSP-openjdk-cygwin\jdk8u\hotspot\src\share\vm\prims\jni.cpp, line 709]
Event: 6648.235 Thread 0x000000001b3ea000 Exception <a 'sun/nio/fs/WindowsException'> (0x00000000f1b56a48) thrown at [D:\src\AOSP-openjdk-cygwin\jdk8u\hotspot\src\share\vm\prims\jni.cpp, line 709]
Event: 6648.238 Thread 0x000000001b3ea000 Exception <a 'sun/nio/fs/WindowsException'> (0x00000000f1b62bb0) thrown at [D:\src\AOSP-openjdk-cygwin\jdk8u\hotspot\src\share\vm\prims\jni.cpp, line 709]
Event: 6649.442 Thread 0x000000001d966800 Exception <a 'sun/nio/fs/WindowsException'> (0x00000000f6469f40) thrown at [D:\src\AOSP-openjdk-cygwin\jdk8u\hotspot\src\share\vm\prims\jni.cpp, line 709]
Event: 6649.454 Thread 0x000000001d969000 Exception <a 'sun/nio/fs/WindowsException'> (0x00000000f66702b0) thrown at [D:\src\AOSP-openjdk-cygwin\jdk8u\hotspot\src\share\vm\prims\jni.cpp, line 709]
Event: 6649.630 Thread 0x000000001d966800 Exception <a 'sun/nio/fs/WindowsException'> (0x00000000f6a3a5c0) thrown at [D:\src\AOSP-openjdk-cygwin\jdk8u\hotspot\src\share\vm\prims\jni.cpp, line 709]
Event: 6649.655 Thread 0x000000001d968000 Exception <a 'sun/nio/fs/WindowsException'> (0x00000000f6f9be40) thrown at [D:\src\AOSP-openjdk-cygwin\jdk8u\hotspot\src\share\vm\prims\jni.cpp, line 709]
Event: 6752.919 Thread 0x000000001bb82800 Exception <a 'sun/nio/fs/WindowsException'> (0x00000000e83693c8) thrown at [D:\src\AOSP-openjdk-cygwin\jdk8u\hotspot\src\share\vm\prims\jni.cpp, line 709]
Event: 7131.720 Thread 0x00000000184ae000 Exception <a 'sun/nio/fs/WindowsException'> (0x00000000f8d6f188) thrown at [D:\src\AOSP-openjdk-cygwin\jdk8u\hotspot\src\share\vm\prims\jni.cpp, line 709]
Event: 7131.725 Thread 0x00000000184ae000 Exception <a 'sun/nio/fs/WindowsException'> (0x00000000f8d7b2f0) thrown at [D:\src\AOSP-openjdk-cygwin\jdk8u\hotspot\src\share\vm\prims\jni.cpp, line 709]

Events (10 events):
Event: 7132.699 Thread 0x000000001d96b000 Thread added: 0x000000001d96b000
Event: 7132.700 Thread 0x000000001d968000 Thread added: 0x000000001d968000
Event: 7132.703 Thread 0x000000001d969000 Thread added: 0x000000001d969000
Event: 7132.703 Thread 0x000000001d966800 Thread added: 0x000000001d966800
Event: 7132.706 Thread 0x000000001d969800 Thread added: 0x000000001d969800
Event: 7132.706 Thread 0x000000001d96a800 Thread added: 0x000000001d96a800
Event: 7132.708 Thread 0x000000001b3e7000 Thread added: 0x000000001b3e7000
Event: 7132.709 Thread 0x000000001b3e1800 Thread added: 0x000000001b3e1800
Event: 7132.780 Executing VM operation: RevokeBias
Event: 7132.780 Executing VM operation: RevokeBias done


Dynamic libraries:
0x00007ff7b1e90000 - 0x00007ff7b1ec1000 	C:\Program Files\Android\Android Studio\jre\bin\java.exe
0x00007ffa28510000 - 0x00007ffa286f1000 	C:\WINDOWS\SYSTEM32\ntdll.dll
0x00007ffa25be0000 - 0x00007ffa25c92000 	C:\WINDOWS\System32\KERNEL32.DLL
0x00007ffa25460000 - 0x00007ffa256d3000 	C:\WINDOWS\System32\KERNELBASE.dll
0x00007ffa25b00000 - 0x00007ffa25ba1000 	C:\WINDOWS\System32\ADVAPI32.dll
0x00007ffa26000000 - 0x00007ffa2609e000 	C:\WINDOWS\System32\msvcrt.dll
0x00007ffa26bc0000 - 0x00007ffa26c1b000 	C:\WINDOWS\System32\sechost.dll
0x00007ffa25e70000 - 0x00007ffa25f94000 	C:\WINDOWS\System32\RPCRT4.dll
0x00007ffa26610000 - 0x00007ffa267a0000 	C:\WINDOWS\System32\USER32.dll
0x00007ffa252f0000 - 0x00007ffa25310000 	C:\WINDOWS\System32\win32u.dll
0x00007ffa284b0000 - 0x00007ffa284d8000 	C:\WINDOWS\System32\GDI32.dll
0x00007ffa25150000 - 0x00007ffa252e2000 	C:\WINDOWS\System32\gdi32full.dll
0x00007ffa253c0000 - 0x00007ffa2545f000 	C:\WINDOWS\System32\msvcp_win.dll
0x00007ffa24ff0000 - 0x00007ffa250ea000 	C:\WINDOWS\System32\ucrtbase.dll
0x00007ffa0a8e0000 - 0x00007ffa0ab49000 	C:\WINDOWS\WinSxS\amd64_microsoft.windows.common-controls_6595b64144ccf1df_6.0.17134.165_none_fb429645306569ac\COMCTL32.dll
0x00007ffa262e0000 - 0x00007ffa26603000 	C:\WINDOWS\System32\combase.dll
0x00007ffa25920000 - 0x00007ffa2599a000 	C:\WINDOWS\System32\bcryptPrimitives.dll
0x00007ffa25ca0000 - 0x00007ffa25ccd000 	C:\WINDOWS\System32\IMM32.DLL
0x0000000050130000 - 0x0000000050202000 	C:\Program Files\Android\Android Studio\jre\jre\bin\msvcr100.dll
0x0000000077300000 - 0x0000000077b3f000 	C:\Program Files\Android\Android Studio\jre\jre\bin\server\jvm.dll
0x00007ffa25bb0000 - 0x00007ffa25bb8000 	C:\WINDOWS\System32\PSAPI.DLL
0x00007ffa223a0000 - 0x00007ffa223c3000 	C:\WINDOWS\SYSTEM32\WINMM.dll
0x00007ffa14c50000 - 0x00007ffa14c5a000 	C:\WINDOWS\SYSTEM32\VERSION.dll
0x00007ffa0ca50000 - 0x00007ffa0ca59000 	C:\WINDOWS\SYSTEM32\WSOCK32.dll
0x00007ffa26110000 - 0x00007ffa2617c000 	C:\WINDOWS\System32\WS2_32.dll
0x00007ffa221d0000 - 0x00007ffa221fa000 	C:\WINDOWS\SYSTEM32\winmmbase.dll
0x00007ffa256e0000 - 0x00007ffa25729000 	C:\WINDOWS\System32\cfgmgr32.dll
0x00007ffa1d5b0000 - 0x00007ffa1d5bf000 	C:\Program Files\Android\Android Studio\jre\jre\bin\verify.dll
0x00007ffa13660000 - 0x00007ffa13689000 	C:\Program Files\Android\Android Studio\jre\jre\bin\java.dll
0x00007ffa13640000 - 0x00007ffa13656000 	C:\Program Files\Android\Android Studio\jre\jre\bin\zip.dll
0x00007ffa26c20000 - 0x00007ffa28060000 	C:\WINDOWS\System32\SHELL32.dll
0x00007ffa25a40000 - 0x00007ffa25ae9000 	C:\WINDOWS\System32\shcore.dll
0x00007ffa248e0000 - 0x00007ffa24fed000 	C:\WINDOWS\System32\windows.storage.dll
0x00007ffa260b0000 - 0x00007ffa26101000 	C:\WINDOWS\System32\shlwapi.dll
0x00007ffa248b0000 - 0x00007ffa248c1000 	C:\WINDOWS\System32\kernel.appcore.dll
0x00007ffa24820000 - 0x00007ffa2483f000 	C:\WINDOWS\System32\profapi.dll
0x00007ffa24860000 - 0x00007ffa248ac000 	C:\WINDOWS\System32\powrprof.dll
0x00007ffa248d0000 - 0x00007ffa248da000 	C:\WINDOWS\System32\FLTLIB.DLL
0x00007ffa045b0000 - 0x00007ffa045ca000 	C:\Program Files\Android\Android Studio\jre\jre\bin\net.dll
0x00007ffa23ce0000 - 0x00007ffa23d46000 	C:\WINDOWS\system32\mswsock.dll
0x00007ffa042c0000 - 0x00007ffa042d1000 	C:\Program Files\Android\Android Studio\jre\jre\bin\nio.dll
0x00007ffa1abc0000 - 0x00007ffa1abde000 	C:\Users\nik_1\.gradle\native\25\windows-amd64\native-platform.dll
0x00007ffa07530000 - 0x00007ffa0753d000 	C:\Program Files\Android\Android Studio\jre\jre\bin\management.dll
0x00007ffa242e0000 - 0x00007ffa242f7000 	C:\WINDOWS\SYSTEM32\CRYPTSP.dll
0x00007ffa238c0000 - 0x00007ffa238f3000 	C:\WINDOWS\system32\rsaenh.dll
0x00007ffa24300000 - 0x00007ffa24325000 	C:\WINDOWS\SYSTEM32\bcrypt.dll
0x00007ffa24750000 - 0x00007ffa24778000 	C:\WINDOWS\SYSTEM32\USERENV.dll
0x00007ffa23e90000 - 0x00007ffa23e9b000 	C:\WINDOWS\SYSTEM32\CRYPTBASE.dll
0x00007ffa23a60000 - 0x00007ffa23a98000 	C:\WINDOWS\SYSTEM32\IPHLPAPI.DLL
0x00007ffa260a0000 - 0x00007ffa260a8000 	C:\WINDOWS\System32\NSI.dll
0x00007ffa1b370000 - 0x00007ffa1b386000 	C:\WINDOWS\SYSTEM32\dhcpcsvc6.DLL
0x00007ffa1ab60000 - 0x00007ffa1ab7a000 	C:\WINDOWS\SYSTEM32\dhcpcsvc.DLL
0x00007ffa23550000 - 0x00007ffa23581000 	C:\WINDOWS\SYSTEM32\ntmarta.dll

VM Arguments:
jvm_args: -Xmx1536m -Dfile.encoding=windows-1252 -Duser.country=419 -Duser.language=es -Duser.variant 
java_command: org.gradle.launcher.daemon.bootstrap.GradleDaemon 4.4
java_class_path (initial): C:\Users\nik_1\.gradle\wrapper\dists\gradle-4.4-all\9br9xq1tocpiv8o6njlyu5op1\gradle-4.4\lib\gradle-launcher-4.4.jar
Launcher Type: SUN_STANDARD

Environment Variables:
PATH=C:\Program Files\Broadcom\Broadcom 802.11 Network Adapter;C:\ProgramData\Oracle\Java\javapath;C:\app\root\product\12.1.0\dbhome_1\BIN;C:\Windows\System32;C:\Windows;C:\Windows\System32\wbem;C:\Windows\System32\WindowsPowerShell\v1.0\;C:\Program Files (x86)\GnuPG\bin;C:\xampp\php;C:\ProgramData\ComposerSetup\bin;C:\Program Files\nodejs\;C:\Program Files (x86)\Yarn\bin;C:\Program Files\Git\cmd;C:\Program Files\PuTTY\;C:\WINDOWS\system32;C:\WINDOWS;C:\WINDOWS\System32\Wbem;C:\WINDOWS\System32\WindowsPowerShell\v1.0\;C:\WINDOWS\System32\OpenSSH\;C:\Program Files (x86)\Microsoft SQL Server\110\Tools\Binn\;C:\Program Files\Microsoft SQL Server\110\Tools\Binn\;C:\Program Files\Microsoft SQL Server\110\DTS\Binn\;C:\Program Files (x86)\Microsoft SQL Server\110\Tools\Binn\ManagementStudio\;C:\Program Files (x86)\Microsoft SQL Server\110\DTS\Binn\;C:\Program Files (x86)\MySQL\MySQL Server 5.5\bin;C:\Program Files\Microsoft\Web Platform Installer\;C:\Program Files\Microsoft VS Code\bin;C:\HashiCorp\Vagrant\bin;C:\Users\nik_1\AppData\Local\Microsoft\WindowsApps;C:\Users\nik_1\AppData\Roaming\Composer\vendor\bin;C:\Users\nik_1\AppData\Roaming\npm;C:\Users\nik_1\AppData\Local\Yarn\bin;C:\Program Files\Heroku\bin;;C:\Program Files\Microsoft VS Code\bin
USERNAME=nik_1
OS=Windows_NT
PROCESSOR_IDENTIFIER=Intel64 Family 6 Model 61 Stepping 4, GenuineIntel



---------------  S Y S T E M  ---------------

OS: Windows 10.0 , 64 bit Build 17134 (10.0.17134.1)

CPU:total 4 (initial active 4) (2 cores per cpu, 2 threads per core) family 6 model 61 stepping 4, cmov, cx8, fxsr, mmx, sse, sse2, sse3, ssse3, sse4.1, sse4.2, popcnt, avx, avx2, aes, clmul, erms, 3dnowpref, lzcnt, ht, tsc, tscinvbit, bmi1, bmi2, adx

Memory: 4k page, physical 6204996k(1548948k free), swap 7740996k(2984k free)

vm_info: OpenJDK 64-Bit Server VM (25.152-b02) for windows-amd64 JRE (1.8.0_152-release-1024-b02), built by "builder" with MS VC++ 10.0 (VS2010)

time: Thu Aug 09 16:14:32 2018
elapsed time: 7133 seconds (0d 1h 58m 53s)

